SF:lib\data\datasources\remote\httppostsdatasource\http_posts_datasource.dart
DA:11,1
DA:13,1
DA:16,2
DA:18,1
DA:25,1
DA:26,4
DA:27,1
LF:7
LH:7
end_of_record
SF:lib\data\models\postmodel\post_model.dart
DA:15,4
LF:1
LH:1
end_of_record
SF:lib\data\models\postmodel\post_model.g.dart
DA:9,4
DA:10,4
DA:11,4
DA:12,2
DA:13,2
DA:16,1
DA:17,1
DA:18,1
DA:19,1
DA:20,1
DA:21,1
LF:11
LH:11
end_of_record
SF:lib\domain\entities\postentity\post_entity.dart
DA:17,0
LF:1
LH:0
end_of_record
SF:lib\domain\entities\postentity\post_entity.g.dart
DA:9,0
DA:10,0
DA:11,0
DA:12,0
DA:13,0
DA:14,0
DA:15,0
DA:16,0
DA:17,0
DA:20,0
DA:21,0
DA:22,0
DA:23,0
DA:24,0
DA:25,0
DA:26,0
DA:27,0
LF:17
LH:0
end_of_record
SF:lib\domain\usecases\addcomment\add_comment.dart
DA:6,0
DA:8,0
DA:9,0
LF:3
LH:0
end_of_record
SF:lib\domain\usecases\clearcache\clear_cache.dart
DA:6,0
DA:8,0
LF:2
LH:0
end_of_record
SF:lib\domain\usecases\deletecomment\delete_comment.dart
DA:6,0
DA:8,0
DA:9,0
LF:3
LH:0
end_of_record
SF:lib\domain\usecases\fetchposts\fetch_posts.dart
DA:7,0
DA:9,0
DA:10,0
LF:3
LH:0
end_of_record
SF:lib\domain\usecases\updatelike\update_like.dart
DA:6,0
DA:8,0
DA:9,0
LF:3
LH:0
end_of_record
SF:lib\presentation\blocs\postfeedbloc\post_feed_state.dart
DA:4,1
DA:5,1
DA:17,2
DA:23,1
DA:28,1
DA:29,1
DA:30,1
DA:31,1
DA:35,1
DA:36,4
DA:41,2
DA:43,1
DA:44,2
DA:50,1
DA:52,1
DA:53,2
LF:16
LH:16
end_of_record
SF:lib\presentation\blocs\postfeedbloc\post_feed_event.dart
DA:4,0
DA:5,0
DA:10,2
DA:12,0
DA:13,0
DA:20,1
DA:22,0
DA:23,0
DA:30,1
DA:32,0
DA:33,0
DA:39,1
DA:41,0
DA:42,0
LF:14
LH:4
end_of_record
SF:lib\presentation\blocs\postfeedbloc\post_feed_bloc.dart
DA:24,1
DA:30,2
DA:31,2
DA:32,2
DA:33,2
DA:34,2
DA:35,2
DA:36,2
DA:39,1
DA:40,2
DA:42,4
DA:43,2
DA:44,2
DA:46,3
DA:49,1
DA:50,2
DA:52,0
DA:56,1
DA:57,2
DA:58,1
DA:60,2
DA:62,2
DA:65,2
DA:66,3
DA:67,1
DA:69,3
DA:70,2
DA:72,3
DA:76,0
DA:80,1
DA:81,2
DA:82,1
DA:84,3
DA:87,2
DA:88,1
DA:89,3
DA:90,1
DA:91,1
DA:92,1
DA:93,1
DA:94,1
DA:95,2
DA:96,1
DA:101,1
DA:103,2
DA:106,1
DA:107,2
DA:108,1
DA:110,4
DA:112,3
DA:113,3
DA:114,4
DA:115,1
DA:116,1
DA:117,1
DA:118,1
DA:119,1
DA:120,1
DA:125,1
DA:127,2
DA:130,1
DA:132,2
DA:133,1
DA:135,4
DA:137,3
DA:138,3
DA:139,2
DA:140,2
DA:141,1
DA:142,1
DA:143,1
DA:144,1
DA:145,1
DA:146,1
DA:151,1
DA:153,2
DA:156,1
DA:161,2
DA:162,2
DA:163,2
DA:165,0
LF:81
LH:78
end_of_record
SF:lib\utils\exceptions\exceptions.dart
DA:3,1
LF:1
LH:1
end_of_record
SF:lib\presentation\blocs\themecubit\theme_cubit.dart
DA:5,0
DA:7,0
DA:8,0
LF:3
LH:0
end_of_record
SF:lib\presentation\pages\postfeedscreen\post_feed_screen.dart
DA:12,1
DA:14,1
DA:16,1
DA:17,1
DA:19,1
DA:20,1
DA:21,1
DA:22,3
DA:26,0
DA:28,1
DA:29,1
DA:32,0
DA:33,0
DA:34,0
DA:39,1
DA:40,0
DA:41,0
DA:42,0
DA:43,0
DA:44,0
DA:45,0
DA:46,0
DA:49,0
DA:50,1
DA:51,1
DA:53,1
DA:55,1
DA:56,1
DA:58,1
DA:59,1
DA:61,1
DA:62,1
DA:63,1
DA:64,3
DA:66,1
DA:71,1
DA:72,1
DA:73,1
DA:74,1
DA:75,3
DA:78,2
DA:81,1
DA:97,1
DA:98,1
DA:100,6
DA:101,1
DA:102,1
DA:104,3
DA:108,1
DA:110,1
DA:111,1
DA:112,1
DA:113,1
DA:115,2
DA:116,1
DA:117,1
DA:118,2
DA:119,1
DA:120,1
DA:124,0
DA:129,3
LF:61
LH:48
end_of_record
SF:lib\presentation\widgets\common\shimmers\postshimmer\post_shimmer.dart
DA:6,1
DA:8,1
DA:10,1
DA:12,2
DA:17,1
DA:18,1
DA:19,1
DA:21,1
DA:22,2
DA:25,1
DA:26,1
DA:27,1
DA:29,1
DA:32,1
DA:33,1
DA:38,1
DA:39,1
DA:41,1
DA:42,1
DA:43,2
DA:44,1
DA:51,1
DA:58,1
DA:59,1
DA:60,1
DA:69,1
LF:26
LH:26
end_of_record
SF:lib\presentation\widgets\postcard\post_card.dart
DA:11,1
DA:13,1
DA:15,1
DA:18,1
DA:20,1
DA:22,1
DA:23,1
DA:26,1
DA:27,2
DA:28,1
DA:30,1
DA:31,1
DA:32,2
DA:40,1
DA:41,2
DA:45,1
DA:46,1
DA:47,1
DA:48,1
DA:49,3
DA:50,3
DA:52,0
DA:53,0
DA:54,0
DA:57,4
DA:59,1
DA:61,0
DA:62,0
DA:65,5
LF:29
LH:24
end_of_record
SF:lib\presentation\widgets\animatedwidgets\animatedslidein\animated_slide_in.dart
DA:9,1
DA:16,1
DA:17,1
DA:26,1
DA:28,1
DA:30,2
DA:35,2
DA:36,5
DA:38,1
DA:39,1
DA:40,1
DA:45,2
DA:48,2
DA:49,1
DA:54,4
DA:55,1
DA:56,2
DA:61,1
DA:63,2
DA:64,1
DA:67,1
DA:69,1
DA:70,1
DA:71,1
DA:72,1
DA:73,1
DA:74,1
DA:75,1
DA:76,1
DA:77,2
DA:84,1
LF:31
LH:31
end_of_record
SF:lib\utils\toasts\toasts.dart
DA:9,0
DA:11,0
DA:12,0
DA:15,0
DA:18,0
DA:19,0
DA:22,0
DA:25,0
DA:26,0
DA:29,0
LF:10
LH:0
end_of_record
SF:lib\presentation\widgets\commentslist\comments_list.dart
DA:9,0
DA:11,0
DA:13,0
DA:14,0
DA:15,0
DA:16,0
DA:17,0
DA:18,0
DA:20,0
DA:25,0
DA:27,0
DA:28,0
DA:29,0
DA:30,0
DA:32,0
DA:37,0
DA:39,0
DA:40,0
DA:41,0
DA:42,0
DA:44,0
DA:46,0
DA:47,0
DA:49,0
DA:55,0
DA:56,0
DA:58,0
DA:60,0
LF:28
LH:0
end_of_record
SF:lib\presentation\widgets\common\dialogs\commentdeletionconfirmationdialog\comment_deletion_confirmation_dialog.dart
DA:6,0
DA:7,0
DA:9,0
DA:14,0
DA:15,0
DA:17,0
DA:19,0
DA:22,0
DA:23,0
DA:24,0
DA:27,0
DA:29,0
LF:12
LH:0
end_of_record
SF:lib\presentation\widgets\common\bottomsheets\commentbottomsheet\comment_bottom_sheet.dart
DA:9,0
DA:10,0
DA:11,0
DA:14,0
DA:16,0
DA:17,0
DA:18,0
DA:20,0
DA:21,0
DA:22,0
DA:23,0
DA:25,0
DA:27,0
DA:28,0
DA:29,0
DA:31,0
DA:45,0
DA:47,0
DA:48,0
DA:49,0
DA:50,0
DA:60,0
DA:61,0
DA:62,0
DA:63,0
DA:64,0
DA:66,0
DA:67,0
DA:68,0
DA:71,0
DA:74,0
DA:76,0
DA:79,0
DA:87,0
DA:88,0
LF:35
LH:0
end_of_record
